<?xml version="1.0" encoding="UTF-8"?>
<!-- Generated by org.testng.reporters.JUnitReportReporter -->
<testsuite skipped="0" hostname="MacBook-Pro.attlocal.net" name="GitPractice.Interviw.RemoveDuplicateFromString" tests="3" failures="0" timestamp="27 Jul 2020 22:06:26 GMT" time="0.010" errors="0">
  <testcase name="nullTest" time="0.001" classname="GitPractice.Interviw.RemoveDuplicateFromString"/>
  <testcase name="posativeTest" time="0.001" classname="GitPractice.Interviw.RemoveDuplicateFromString"/>
  <testcase name="negativeTest" time="0.008" classname="GitPractice.Interviw.RemoveDuplicateFromString"/>
</testsuite> <!-- GitPractice.Interviw.RemoveDuplicateFromString -->
