<?xml version="1.0" encoding="UTF-8"?>
<!-- Generated by org.testng.reporters.JUnitReportReporter -->
<testsuite skipped="0" hostname="MacBook-Pro.attlocal.net" name="GitPractice.Interviw.NewTest" tests="1" failures="0" timestamp="28 Jul 2020 00:42:58 GMT" time="0.006" errors="0">
  <testcase name="f" time="0.006" classname="GitPractice.Interviw.NewTest"/>
</testsuite> <!-- GitPractice.Interviw.NewTest -->
